2016-10-17T09:20:28+00:00 [WPFS] ERROR MM_WPFS_Customer->fullstripe_subscription_charge(): Message=Invalid address: sandeep@simayaa.comReply-To: sandeep@simayaa.com, Stack=#0 /home/couponbutter/public_html/wp-includes/pluggable.php(352): PHPMailer->setFrom('sandeep@simayaa...', 'couponbutter', false)
#1 /home/couponbutter/public_html/wp-content/plugins/wp-full-stripe-members/include/wpfs-members-admin.php(918): wp_mail('sandy.shaw20@gm...', 'Registration Su...', '<html><body><h2...', 'From: couponbut...')
#2 /home/couponbutter/public_html/wp-content/plugins/wp-full-stripe-members/include/wpfs-members-admin.php(751): MM_WPFS_Members_Admin->email_new_user('sandy.shaw20@gm...', 'NewMember123')
#3 /home/couponbutter/public_html/wp-content/plugins/wp-full-stripe-members/include/wpfs-members-admin.php(106): MM_WPFS_Members_Admin->create_new_user(Object(Stripe_Customer), 'wpfs_basic')
#4 [internal function]: MM_WPFS_Members_Admin->add_member(Object(Stripe_Customer))
#5 /home/couponbutter/public_html/wp-includes/plugin.php(524): call_user_func_array(Array, Array)
#6 /home/couponbutter/public_html/wp-content/plugins/wp-full-stripe/include/wp-full-stripe-customer.php(328): do_action('fullstripe_afte...', Object(Stripe_Customer))
#7 [internal function]: MM_WPFS_Customer->fullstripe_subscription_charge('')
#8 /home/couponbutter/public_html/wp-includes/plugin.php(524): call_user_func_array(Array, Array)
#9 /home/couponbutter/public_html/wp-admin/admin-ajax.php(101): do_action('wp_ajax_nopriv_...')
#10 {main}
2016-10-17T09:29:52+00:00 [WPFS] ERROR MM_WPFS_Customer->fullstripe_subscription_charge(): Message=Invalid address: sandeep@simayaa.comReply-To: sandeep@simayaa.com, Stack=#0 /home/couponbutter/public_html/wp-includes/pluggable.php(352): PHPMailer->setFrom('sandeep@simayaa...', 'couponbutter', false)
#1 /home/couponbutter/public_html/wp-content/plugins/wp-full-stripe-members/include/wpfs-members-admin.php(919): wp_mail('sandy.shaw20@gm...', 'Registration Su...', '<html><body><h2...', 'From: couponbut...')
#2 /home/couponbutter/public_html/wp-content/plugins/wp-full-stripe-members/include/wpfs-members-admin.php(751): MM_WPFS_Members_Admin->email_new_user('sandy.shaw20@gm...', 'NewMember123')
#3 /home/couponbutter/public_html/wp-content/plugins/wp-full-stripe-members/include/wpfs-members-admin.php(106): MM_WPFS_Members_Admin->create_new_user(Object(Stripe_Customer), 'wpfs_gold')
#4 [internal function]: MM_WPFS_Members_Admin->add_member(Object(Stripe_Customer))
#5 /home/couponbutter/public_html/wp-includes/plugin.php(524): call_user_func_array(Array, Array)
#6 /home/couponbutter/public_html/wp-content/plugins/wp-full-stripe/include/wp-full-stripe-customer.php(328): do_action('fullstripe_afte...', Object(Stripe_Customer))
#7 [internal function]: MM_WPFS_Customer->fullstripe_subscription_charge('')
#8 /home/couponbutter/public_html/wp-includes/plugin.php(524): call_user_func_array(Array, Array)
#9 /home/couponbutter/public_html/wp-admin/admin-ajax.php(101): do_action('wp_ajax_nopriv_...')
#10 {main}
2016-10-17T09:52:42+00:00 [WPFS] ERROR MM_WPFS_Customer->fullstripe_subscription_charge(): Message=Invalid address: admin_email, Stack=#0 /home/couponbutter/public_html/wp-includes/pluggable.php(352): PHPMailer->setFrom('admin_email', 'CouponButter', false)
#1 /home/couponbutter/public_html/wp-content/plugins/wp-full-stripe-members/include/wpfs-members-admin.php(928): wp_mail('sandy.shaw20@gm...', 'Registration Su...', '<html><body><h2...', Array)
#2 /home/couponbutter/public_html/wp-content/plugins/wp-full-stripe-members/include/wpfs-members-admin.php(751): MM_WPFS_Members_Admin->email_new_user('sandy.shaw20@gm...', 'NewMember123')
#3 /home/couponbutter/public_html/wp-content/plugins/wp-full-stripe-members/include/wpfs-members-admin.php(106): MM_WPFS_Members_Admin->create_new_user(Object(Stripe_Customer), 'wpfs_gold')
#4 [internal function]: MM_WPFS_Members_Admin->add_member(Object(Stripe_Customer))
#5 /home/couponbutter/public_html/wp-includes/plugin.php(524): call_user_func_array(Array, Array)
#6 /home/couponbutter/public_html/wp-content/plugins/wp-full-stripe/include/wp-full-stripe-customer.php(328): do_action('fullstripe_afte...', Object(Stripe_Customer))
#7 [internal function]: MM_WPFS_Customer->fullstripe_subscription_charge('')
#8 /home/couponbutter/public_html/wp-includes/plugin.php(524): call_user_func_array(Array, Array)
#9 /home/couponbutter/public_html/wp-admin/admin-ajax.php(101): do_action('wp_ajax_nopriv_...')
#10 {main}
